<?xml version="1.0" encoding="utf-8"?><testsuite errors="0" failures="0" name="pytest" skips="0" tests="4" time="0.936"><testcase classname="test_base" file="test_base.py" line="6" name="test_root_request" time="0.7030320167541504"></testcase><testcase classname="test_base" file="test_base.py" line="13" name="test_wms_getcaps" time="0.06642866134643555"></testcase><testcase classname="test_base" file="test_base.py" line="21" name="test_wfs_getcaps" time="0.004133701324462891"></testcase><testcase classname="test_base" file="test_base.py" line="29" name="test_wcs_getcaps" time="0.003843069076538086"></testcase></testsuite>